<?xml version="1.0" encoding="UTF-8"?>
<testsuites tests="10" failures="1" disabled="0" errors="0" timestamp="2013-08-14T17:44:14" time="0.844" name="AllTests">
  <testsuite name="GoogleTestSuiteName1" tests="7" failures="0" disabled="0" errors="0" time="0.001">
    <testcase name="TestMethod_001" status="run" time="0" classname="GoogleTestSuiteName1" />
    <testcase name="TestMethod_002" status="run" time="0" classname="GoogleTestSuiteName1" />
    <testcase name="TestMethod_003" status="run" time="0" classname="GoogleTestSuiteName1" />
    <testcase name="TestMethod_004" status="run" time="0" classname="GoogleTestSuiteName1" />
    <testcase name="TestMethod_005" status="run" time="0.2" classname="GoogleTestSuiteName1" />
    <testcase name="TestMethod_006" status="run" time="0.001" classname="GoogleTestSuiteName1" />
    <testcase name="TestMethod_007" status="run" time="0" classname="GoogleTestSuiteName1" />
  </testsuite>
  <testsuite name="AnimalsTest" tests="3" failures="1" disabled="0" errors="0" time="0">
    <testcase name="AnimalsTestMethod_DoStuff" status="run" time="0" classname="AnimalsTest" />
    <testcase name="AnimalsTestMethod_DontDoStuff" status="run" time="0" classname="AnimalsTest" />
    <testcase name="testGetEnoughAnimals" status="run" time="0" classname="AnimalsTest">
      <failure message="x:\prod\company\util\util.cpp:67&#x0A;Value of: animals.size()&#x0A;  Actual: 1&#x0A;Expected: 3&#x0A;Should get three animals" type=""><![CDATA[x:\prod\company\util\util.cpp:67
Value of: animals.size()
  Actual: 1
Expected: 3
Should get three animals]]></failure>
    </testcase>
  </testsuite>
</testsuites>
